[debug] [2023-09-17T05:09:56.237Z] ----------------------------------------------------------------------
[debug] [2023-09-17T05:09:56.241Z] Command:       C:\Program Files\nodejs\node.exe C:\Users\Anu\amazon-clone\node_modules\firebase-tools\lib\bin\firebase.js emulators:start
[debug] [2023-09-17T05:09:56.241Z] CLI Version:   12.5.4
[debug] [2023-09-17T05:09:56.242Z] Platform:      win32
[debug] [2023-09-17T05:09:56.242Z] Node Version:  v18.17.0
[debug] [2023-09-17T05:09:56.244Z] Time:          Sun Sep 17 2023 10:39:56 GMT+0530 (India Standard Time)
[debug] [2023-09-17T05:09:56.244Z] ----------------------------------------------------------------------
[debug] 
[debug] [2023-09-17T05:09:56.529Z] > command requires scopes: ["email","openid","https://www.googleapis.com/auth/cloudplatformprojects.readonly","https://www.googleapis.com/auth/firebase","https://www.googleapis.com/auth/cloud-platform"]
[debug] [2023-09-17T05:09:56.530Z] > authorizing via signed-in user (anusuyak98.ak@gmail.com)
[info] i  emulators: Starting emulators: functions, hosting {"metadata":{"emulator":{"name":"hub"},"message":"Starting emulators: functions, hosting"}}
[debug] [2023-09-17T05:09:56.563Z] [logging] Logging Emulator only supports listening on one address (127.0.0.1). Not listening on ::1
[debug] [2023-09-17T05:09:56.563Z] [hosting] Hosting Emulator only supports listening on one address (127.0.0.1). Not listening on ::1
[debug] [2023-09-17T05:09:56.564Z] assigned listening specs for emulators {"user":{"hub":[{"address":"127.0.0.1","family":"IPv4","port":4400},{"address":"::1","family":"IPv6","port":4400}],"ui":[{"address":"127.0.0.1","family":"IPv4","port":4000},{"address":"::1","family":"IPv6","port":4000}],"logging":[{"address":"127.0.0.1","family":"IPv4","port":4500}],"hosting":[{"address":"127.0.0.1","family":"IPv4","port":5000}]},"metadata":{"message":"assigned listening specs for emulators"}}
[warn] !  emulators: It seems that you are running multiple instances of the emulator suite for project clone-667f2. This may result in unexpected behavior. 
[debug] [2023-09-17T05:09:56.592Z] [hub] writing locator at C:\Users\Anu\AppData\Local\Temp\hub-clone-667f2.json
[debug] [2023-09-17T05:09:56.718Z] [functions] Functions Emulator only supports listening on one address (127.0.0.1). Not listening on ::1
[debug] [2023-09-17T05:09:56.718Z] [eventarc] Eventarc Emulator only supports listening on one address (127.0.0.1). Not listening on ::1
[debug] [2023-09-17T05:09:56.718Z] late-assigned ports for functions and eventarc emulators {"user":{"hub":[{"address":"127.0.0.1","family":"IPv4","port":4400},{"address":"::1","family":"IPv6","port":4400}],"ui":[{"address":"127.0.0.1","family":"IPv4","port":4000},{"address":"::1","family":"IPv6","port":4000}],"logging":[{"address":"127.0.0.1","family":"IPv4","port":4500}],"hosting":[{"address":"127.0.0.1","family":"IPv4","port":5000}],"functions":[{"address":"127.0.0.1","family":"IPv4","port":5001}],"eventarc":[{"address":"127.0.0.1","family":"IPv4","port":9299}]},"metadata":{"message":"late-assigned ports for functions and eventarc emulators"}}
[warn] !  functions: The following emulators are not running, calls to these services from the Functions emulator will affect production: auth, firestore, database, pubsub, storage {"metadata":{"emulator":{"name":"functions"},"message":"The following emulators are not running, calls to these services from the Functions emulator will affect production: \u001b[1mauth, firestore, database, pubsub, storage\u001b[22m"}}
[debug] [2023-09-17T05:09:56.747Z] defaultcredentials: writing to file C:\Users\Anu\AppData\Roaming\firebase\anusuyak98_ak_gmail.com_application_default_credentials.json
[debug] [2023-09-17T05:09:56.794Z] Setting GAC to C:\Users\Anu\AppData\Roaming\firebase\anusuyak98_ak_gmail.com_application_default_credentials.json {"metadata":{"emulator":{"name":"functions"},"message":"Setting GAC to C:\\Users\\Anu\\AppData\\Roaming\\firebase\\anusuyak98_ak_gmail.com_application_default_credentials.json"}}
[debug] [2023-09-17T05:09:56.798Z] >>> [apiv2][query] GET https://firebase.googleapis.com/v1beta1/projects/clone-667f2/adminSdkConfig [none]
[debug] [2023-09-17T05:09:57.737Z] <<< [apiv2][status] GET https://firebase.googleapis.com/v1beta1/projects/clone-667f2/adminSdkConfig 200
[debug] [2023-09-17T05:09:57.737Z] <<< [apiv2][body] GET https://firebase.googleapis.com/v1beta1/projects/clone-667f2/adminSdkConfig {"projectId":"clone-667f2","storageBucket":"clone-667f2.appspot.com"}
[debug] [2023-09-17T05:09:57.809Z] >>> [apiv2][query] GET https://firebasehosting.googleapis.com/v1beta1/projects/clone-667f2/sites 
[debug] [2023-09-17T05:09:59.006Z] <<< [apiv2][status] GET https://firebasehosting.googleapis.com/v1beta1/projects/clone-667f2/sites 200
[debug] [2023-09-17T05:09:59.007Z] <<< [apiv2][body] GET https://firebasehosting.googleapis.com/v1beta1/projects/clone-667f2/sites {"sites":[{"name":"projects/clone-667f2/sites/clone-667f2","defaultUrl":"https://clone-667f2.web.app","appId":"1:80971302931:web:42cdbc3d8e710790e897e6","type":"DEFAULT_SITE"}]}
[debug] [2023-09-17T05:09:59.008Z] >>> [apiv2][query] GET https://firebase.googleapis.com/v1beta1/projects/clone-667f2/webApps/1:80971302931:web:42cdbc3d8e710790e897e6/config [none]
[debug] [2023-09-17T05:10:00.300Z] <<< [apiv2][status] GET https://firebase.googleapis.com/v1beta1/projects/clone-667f2/webApps/1:80971302931:web:42cdbc3d8e710790e897e6/config 200
[debug] [2023-09-17T05:10:00.300Z] <<< [apiv2][body] GET https://firebase.googleapis.com/v1beta1/projects/clone-667f2/webApps/1:80971302931:web:42cdbc3d8e710790e897e6/config {"projectId":"clone-667f2","appId":"1:80971302931:web:42cdbc3d8e710790e897e6","storageBucket":"clone-667f2.appspot.com","apiKey":"AIzaSyD3rCcXl7-XLSeCBFoT-CmtJotc4dNTKJw","authDomain":"clone-667f2.firebaseapp.com","messagingSenderId":"80971302931","measurementId":"G-622YWCQH03"}
[debug] [2023-09-17T05:10:00.689Z] >>> [apiv2][query] GET https://firebase.googleapis.com/v1beta1/projects/clone-667f2 [none]
[debug] [2023-09-17T05:10:01.565Z] <<< [apiv2][status] GET https://firebase.googleapis.com/v1beta1/projects/clone-667f2 200
[debug] [2023-09-17T05:10:01.566Z] <<< [apiv2][body] GET https://firebase.googleapis.com/v1beta1/projects/clone-667f2 {"projectId":"clone-667f2","projectNumber":"80971302931","displayName":"amazon-clone","name":"projects/clone-667f2","resources":{"hostingSite":"clone-667f2"},"state":"ACTIVE","etag":"1_dcb427fb-9705-483c-b691-4cf60dbef745"}
[info] i  hosting[clone-667f2]: Serving hosting files from: build {"metadata":{"emulator":{"name":"hosting"},"message":"Serving hosting files from: \u001b[1mbuild\u001b[22m"}}
[info] +  hosting[clone-667f2]: Local server: http://127.0.0.1:5000 {"metadata":{"emulator":{"name":"hosting"},"message":"Local server: \u001b[4m\u001b[1mhttp://127.0.0.1:5000\u001b[22m\u001b[24m"}}
[debug] [2023-09-17T05:10:01.812Z] Ignoring unsupported arg: auto_download {"metadata":{"emulator":{"name":"ui"},"message":"Ignoring unsupported arg: auto_download"}}
[debug] [2023-09-17T05:10:01.812Z] Ignoring unsupported arg: port {"metadata":{"emulator":{"name":"ui"},"message":"Ignoring unsupported arg: port"}}
[debug] [2023-09-17T05:10:01.813Z] Starting Emulator UI with command {"binary":"node","args":["C:\\Users\\Anu\\.cache\\firebase\\emulators\\ui-v1.11.7\\server\\server.js"],"optionalArgs":[],"joinArgs":false} {"metadata":{"emulator":{"name":"ui"},"message":"Starting Emulator UI with command {\"binary\":\"node\",\"args\":[\"C:\\\\Users\\\\Anu\\\\.cache\\\\firebase\\\\emulators\\\\ui-v1.11.7\\\\server\\\\server.js\"],\"optionalArgs\":[],\"joinArgs\":false}"}}
[info] i  ui: Emulator UI logging to ui-debug.log {"metadata":{"emulator":{"name":"ui"},"message":"Emulator UI logging to \u001b[1mui-debug.log\u001b[22m"}}
[debug] [2023-09-17T05:10:02.146Z] Web / API server started at 127.0.0.1:4000
 {"metadata":{"emulator":{"name":"ui"},"message":"Web / API server started at 127.0.0.1:4000\n"}}
[debug] [2023-09-17T05:10:02.146Z] Web / API server started at ::1:4000
 {"metadata":{"emulator":{"name":"ui"},"message":"Web / API server started at ::1:4000\n"}}
[info] i  functions: Watching "C:\Users\Anu\amazon-clone\functions" for Cloud Functions... {"metadata":{"emulator":{"name":"functions"},"message":"Watching \"C:\\Users\\Anu\\amazon-clone\\functions\" for Cloud Functions..."}}
[debug] [2023-09-17T05:10:02.439Z] Validating nodejs source
[debug] [2023-09-17T05:10:06.548Z] > [functions] package.json contents: {
  "name": "functions",
  "description": "Cloud Functions for Firebase",
  "scripts": {
    "lint": "eslint .",
    "serve": "firebase emulators:start --only functions",
    "shell": "firebase functions:shell",
    "start": "npm run shell",
    "deploy": "firebase deploy --only functions",
    "logs": "firebase functions:log"
  },
  "engines": {
    "node": "18"
  },
  "main": "index.js",
  "dependencies": {
    "express": "^4.18.2",
    "firebase-admin": "^11.8.0",
    "firebase-functions": "^4.3.1"
  },
  "devDependencies": {
    "eslint": "^8.15.0",
    "eslint-config-google": "^0.14.0",
    "firebase-functions-test": "^3.1.0"
  },
  "private": true
}
[debug] [2023-09-17T05:10:06.548Z] Building nodejs source
[debug] [2023-09-17T05:10:06.549Z] Failed to find version of module node: reached end of search path C:\Users\Anu\amazon-clone\functions\node_modules
[info] +  functions: Using node@18 from host. 
[debug] [2023-09-17T05:10:06.552Z] Could not find functions.yaml. Must use http discovery
[debug] [2023-09-17T05:10:06.586Z] Found firebase-functions binary at 'C:\Users\Anu\amazon-clone\functions\node_modules\.bin\firebase-functions'
[info] Serving at port 8290

[debug] [2023-09-17T05:10:14.505Z] Got response code 400; body Failed to generate manifest from function source: Error: Cannot find module 'stripe'
Require stack:
- C:\Users\Anu\amazon-clone\functions\index.js
- C:\Users\Anu\amazon-clone\functions\node_modules\firebase-functions\lib\runtime\loader.js
- C:\Users\Anu\amazon-clone\functions\node_modules\firebase-functions\lib\bin\firebase-functions.js
[info] shutdown requested via /__/quitquitquit

[error] !!  functions: Failed to load function definition from source: FirebaseError: Functions codebase could not be analyzed successfully. It may have a syntax or runtime error {"metadata":{"emulator":{"name":"functions"},"message":"Failed to load function definition from source: FirebaseError: Functions codebase could not be analyzed successfully. It may have a syntax or runtime error"}}
[info] 
┌─────────────────────────────────────────────────────────────┐
│ ✔  All emulators ready! It is now safe to connect your app. │
│ i  View Emulator UI at http://127.0.0.1:4000/               │
└─────────────────────────────────────────────────────────────┘

┌───────────┬────────────────┬─────────────────────────────────┐
│ Emulator  │ Host:Port      │ View in Emulator UI             │
├───────────┼────────────────┼─────────────────────────────────┤
│ Functions │ 127.0.0.1:5001 │ http://127.0.0.1:4000/functions │
├───────────┼────────────────┼─────────────────────────────────┤
│ Hosting   │ 127.0.0.1:5000 │ n/a                             │
└───────────┴────────────────┴─────────────────────────────────┘
  Emulator Hub running at 127.0.0.1:4400
  Other reserved ports: 4500

Issues? Report them at https://github.com/firebase/firebase-tools/issues and attach the *-debug.log files.
 
[debug] [2023-09-17T05:16:45.004Z] File C:\Users\Anu\amazon-clone\functions\index.js changed, reloading triggers {"metadata":{"emulator":{"name":"functions"},"message":"File C:\\Users\\Anu\\amazon-clone\\functions\\index.js changed, reloading triggers"}}
[debug] [2023-09-17T05:16:46.021Z] Validating nodejs source
[debug] [2023-09-17T05:16:49.311Z] > [functions] package.json contents: {
  "name": "functions",
  "description": "Cloud Functions for Firebase",
  "scripts": {
    "lint": "eslint .",
    "serve": "firebase emulators:start --only functions",
    "shell": "firebase functions:shell",
    "start": "npm run shell",
    "deploy": "firebase deploy --only functions",
    "logs": "firebase functions:log"
  },
  "engines": {
    "node": "18"
  },
  "main": "index.js",
  "dependencies": {
    "express": "^4.18.2",
    "firebase-admin": "^11.8.0",
    "firebase-functions": "^4.3.1"
  },
  "devDependencies": {
    "eslint": "^8.15.0",
    "eslint-config-google": "^0.14.0",
    "firebase-functions-test": "^3.1.0"
  },
  "private": true
}
[debug] [2023-09-17T05:16:49.312Z] Building nodejs source
[debug] [2023-09-17T05:16:49.313Z] Failed to find version of module node: reached end of search path C:\Users\Anu\amazon-clone\functions\node_modules
[info] +  functions: Using node@18 from host. 
[debug] [2023-09-17T05:16:49.317Z] Could not find functions.yaml. Must use http discovery
[debug] [2023-09-17T05:16:49.336Z] Found firebase-functions binary at 'C:\Users\Anu\amazon-clone\functions\node_modules\.bin\firebase-functions'
[info] Serving at port 8650

[debug] [2023-09-17T05:16:50.550Z] Got response code 400; body Failed to generate manifest from function source: Error: Cannot find module 'stripe'
Require stack:
- C:\Users\Anu\amazon-clone\functions\index.js
- C:\Users\Anu\amazon-clone\functions\node_modules\firebase-functions\lib\runtime\loader.js
- C:\Users\Anu\amazon-clone\functions\node_modules\firebase-functions\lib\bin\firebase-functions.js
[info] shutdown requested via /__/quitquitquit

[error] !!  functions: Failed to load function definition from source: FirebaseError: Functions codebase could not be analyzed successfully. It may have a syntax or runtime error {"metadata":{"emulator":{"name":"functions"},"message":"Failed to load function definition from source: FirebaseError: Functions codebase could not be analyzed successfully. It may have a syntax or runtime error"}}
[debug] [2023-09-17T05:17:15.197Z] File C:\Users\Anu\amazon-clone\functions\index.js changed, reloading triggers {"metadata":{"emulator":{"name":"functions"},"message":"File C:\\Users\\Anu\\amazon-clone\\functions\\index.js changed, reloading triggers"}}
[debug] [2023-09-17T05:17:16.206Z] Validating nodejs source
[debug] [2023-09-17T05:17:18.946Z] > [functions] package.json contents: {
  "name": "functions",
  "description": "Cloud Functions for Firebase",
  "scripts": {
    "lint": "eslint .",
    "serve": "firebase emulators:start --only functions",
    "shell": "firebase functions:shell",
    "start": "npm run shell",
    "deploy": "firebase deploy --only functions",
    "logs": "firebase functions:log"
  },
  "engines": {
    "node": "18"
  },
  "main": "index.js",
  "dependencies": {
    "express": "^4.18.2",
    "firebase-admin": "^11.8.0",
    "firebase-functions": "^4.3.1"
  },
  "devDependencies": {
    "eslint": "^8.15.0",
    "eslint-config-google": "^0.14.0",
    "firebase-functions-test": "^3.1.0"
  },
  "private": true
}
[debug] [2023-09-17T05:17:18.946Z] Building nodejs source
[debug] [2023-09-17T05:17:18.946Z] Failed to find version of module node: reached end of search path C:\Users\Anu\amazon-clone\functions\node_modules
[info] +  functions: Using node@18 from host. 
[debug] [2023-09-17T05:17:18.948Z] Could not find functions.yaml. Must use http discovery
[debug] [2023-09-17T05:17:18.963Z] Found firebase-functions binary at 'C:\Users\Anu\amazon-clone\functions\node_modules\.bin\firebase-functions'
[info] Serving at port 8449

[debug] [2023-09-17T05:17:19.886Z] Got response code 400; body Failed to generate manifest from function source: Error: Cannot find module 'stripe'
Require stack:
- C:\Users\Anu\amazon-clone\functions\index.js
- C:\Users\Anu\amazon-clone\functions\node_modules\firebase-functions\lib\runtime\loader.js
- C:\Users\Anu\amazon-clone\functions\node_modules\firebase-functions\lib\bin\firebase-functions.js
[info] shutdown requested via /__/quitquitquit

[error] !!  functions: Failed to load function definition from source: FirebaseError: Functions codebase could not be analyzed successfully. It may have a syntax or runtime error {"metadata":{"emulator":{"name":"functions"},"message":"Failed to load function definition from source: FirebaseError: Functions codebase could not be analyzed successfully. It may have a syntax or runtime error"}}
[debug] [2023-09-17T05:17:39.065Z] File C:\Users\Anu\amazon-clone\functions\index.js changed, reloading triggers {"metadata":{"emulator":{"name":"functions"},"message":"File C:\\Users\\Anu\\amazon-clone\\functions\\index.js changed, reloading triggers"}}
[debug] [2023-09-17T05:17:40.070Z] Validating nodejs source
[debug] [2023-09-17T05:17:42.543Z] > [functions] package.json contents: {
  "name": "functions",
  "description": "Cloud Functions for Firebase",
  "scripts": {
    "lint": "eslint .",
    "serve": "firebase emulators:start --only functions",
    "shell": "firebase functions:shell",
    "start": "npm run shell",
    "deploy": "firebase deploy --only functions",
    "logs": "firebase functions:log"
  },
  "engines": {
    "node": "18"
  },
  "main": "index.js",
  "dependencies": {
    "express": "^4.18.2",
    "firebase-admin": "^11.8.0",
    "firebase-functions": "^4.3.1"
  },
  "devDependencies": {
    "eslint": "^8.15.0",
    "eslint-config-google": "^0.14.0",
    "firebase-functions-test": "^3.1.0"
  },
  "private": true
}
[debug] [2023-09-17T05:17:42.544Z] Building nodejs source
[debug] [2023-09-17T05:17:42.544Z] Failed to find version of module node: reached end of search path C:\Users\Anu\amazon-clone\functions\node_modules
[info] +  functions: Using node@18 from host. 
[debug] [2023-09-17T05:17:42.548Z] Could not find functions.yaml. Must use http discovery
[debug] [2023-09-17T05:17:42.569Z] Found firebase-functions binary at 'C:\Users\Anu\amazon-clone\functions\node_modules\.bin\firebase-functions'
[info] Serving at port 8540

[debug] [2023-09-17T05:17:43.300Z] File C:\Users\Anu\amazon-clone\functions\index.js changed, reloading triggers {"metadata":{"emulator":{"name":"functions"},"message":"File C:\\Users\\Anu\\amazon-clone\\functions\\index.js changed, reloading triggers"}}
[debug] [2023-09-17T05:17:43.880Z] Got response code 400; body Failed to generate manifest from function source: Error: Cannot find module 'stripe'
Require stack:
- C:\Users\Anu\amazon-clone\functions\index.js
- C:\Users\Anu\amazon-clone\functions\node_modules\firebase-functions\lib\runtime\loader.js
- C:\Users\Anu\amazon-clone\functions\node_modules\firebase-functions\lib\bin\firebase-functions.js
[info] shutdown requested via /__/quitquitquit

[error] !!  functions: Failed to load function definition from source: FirebaseError: Functions codebase could not be analyzed successfully. It may have a syntax or runtime error {"metadata":{"emulator":{"name":"functions"},"message":"Failed to load function definition from source: FirebaseError: Functions codebase could not be analyzed successfully. It may have a syntax or runtime error"}}
[debug] [2023-09-17T05:17:44.308Z] Validating nodejs source
[debug] [2023-09-17T05:17:46.567Z] > [functions] package.json contents: {
  "name": "functions",
  "description": "Cloud Functions for Firebase",
  "scripts": {
    "lint": "eslint .",
    "serve": "firebase emulators:start --only functions",
    "shell": "firebase functions:shell",
    "start": "npm run shell",
    "deploy": "firebase deploy --only functions",
    "logs": "firebase functions:log"
  },
  "engines": {
    "node": "18"
  },
  "main": "index.js",
  "dependencies": {
    "express": "^4.18.2",
    "firebase-admin": "^11.8.0",
    "firebase-functions": "^4.3.1"
  },
  "devDependencies": {
    "eslint": "^8.15.0",
    "eslint-config-google": "^0.14.0",
    "firebase-functions-test": "^3.1.0"
  },
  "private": true
}
[debug] [2023-09-17T05:17:46.567Z] Building nodejs source
[debug] [2023-09-17T05:17:46.567Z] Failed to find version of module node: reached end of search path C:\Users\Anu\amazon-clone\functions\node_modules
[info] +  functions: Using node@18 from host. 
[debug] [2023-09-17T05:17:46.569Z] Could not find functions.yaml. Must use http discovery
[debug] [2023-09-17T05:17:46.583Z] Found firebase-functions binary at 'C:\Users\Anu\amazon-clone\functions\node_modules\.bin\firebase-functions'
[info] Serving at port 8821

[debug] [2023-09-17T05:17:47.542Z] Got response code 400; body Failed to generate manifest from function source: Error: Cannot find module 'stripe'
Require stack:
- C:\Users\Anu\amazon-clone\functions\index.js
- C:\Users\Anu\amazon-clone\functions\node_modules\firebase-functions\lib\runtime\loader.js
- C:\Users\Anu\amazon-clone\functions\node_modules\firebase-functions\lib\bin\firebase-functions.js
[info] shutdown requested via /__/quitquitquit

[error] !!  functions: Failed to load function definition from source: FirebaseError: Functions codebase could not be analyzed successfully. It may have a syntax or runtime error {"metadata":{"emulator":{"name":"functions"},"message":"Failed to load function definition from source: FirebaseError: Functions codebase could not be analyzed successfully. It may have a syntax or runtime error"}}
[debug] [2023-09-17T05:17:54.091Z] File C:\Users\Anu\amazon-clone\functions\index.js changed, reloading triggers {"metadata":{"emulator":{"name":"functions"},"message":"File C:\\Users\\Anu\\amazon-clone\\functions\\index.js changed, reloading triggers"}}
[debug] [2023-09-17T05:17:55.097Z] Validating nodejs source
[debug] [2023-09-17T05:17:58.465Z] > [functions] package.json contents: {
  "name": "functions",
  "description": "Cloud Functions for Firebase",
  "scripts": {
    "lint": "eslint .",
    "serve": "firebase emulators:start --only functions",
    "shell": "firebase functions:shell",
    "start": "npm run shell",
    "deploy": "firebase deploy --only functions",
    "logs": "firebase functions:log"
  },
  "engines": {
    "node": "18"
  },
  "main": "index.js",
  "dependencies": {
    "express": "^4.18.2",
    "firebase-admin": "^11.8.0",
    "firebase-functions": "^4.3.1"
  },
  "devDependencies": {
    "eslint": "^8.15.0",
    "eslint-config-google": "^0.14.0",
    "firebase-functions-test": "^3.1.0"
  },
  "private": true
}
[debug] [2023-09-17T05:17:58.465Z] Building nodejs source
[debug] [2023-09-17T05:17:58.466Z] Failed to find version of module node: reached end of search path C:\Users\Anu\amazon-clone\functions\node_modules
[info] +  functions: Using node@18 from host. 
[debug] [2023-09-17T05:17:58.471Z] Could not find functions.yaml. Must use http discovery
[debug] [2023-09-17T05:17:58.493Z] Found firebase-functions binary at 'C:\Users\Anu\amazon-clone\functions\node_modules\.bin\firebase-functions'
[info] Serving at port 8631

[debug] [2023-09-17T05:17:59.523Z] Got response code 400; body Failed to generate manifest from function source: Error: Cannot find module 'stripe'
Require stack:
- C:\Users\Anu\amazon-clone\functions\index.js
- C:\Users\Anu\amazon-clone\functions\node_modules\firebase-functions\lib\runtime\loader.js
- C:\Users\Anu\amazon-clone\functions\node_modules\firebase-functions\lib\bin\firebase-functions.js
[info] shutdown requested via /__/quitquitquit

[error] !!  functions: Failed to load function definition from source: FirebaseError: Functions codebase could not be analyzed successfully. It may have a syntax or runtime error {"metadata":{"emulator":{"name":"functions"},"message":"Failed to load function definition from source: FirebaseError: Functions codebase could not be analyzed successfully. It may have a syntax or runtime error"}}
[debug] [2023-09-17T05:18:07.753Z] File C:\Users\Anu\amazon-clone\functions\index.js changed, reloading triggers {"metadata":{"emulator":{"name":"functions"},"message":"File C:\\Users\\Anu\\amazon-clone\\functions\\index.js changed, reloading triggers"}}
[debug] [2023-09-17T05:18:08.767Z] Validating nodejs source
[debug] [2023-09-17T05:18:11.142Z] > [functions] package.json contents: {
  "name": "functions",
  "description": "Cloud Functions for Firebase",
  "scripts": {
    "lint": "eslint .",
    "serve": "firebase emulators:start --only functions",
    "shell": "firebase functions:shell",
    "start": "npm run shell",
    "deploy": "firebase deploy --only functions",
    "logs": "firebase functions:log"
  },
  "engines": {
    "node": "18"
  },
  "main": "index.js",
  "dependencies": {
    "express": "^4.18.2",
    "firebase-admin": "^11.8.0",
    "firebase-functions": "^4.3.1"
  },
  "devDependencies": {
    "eslint": "^8.15.0",
    "eslint-config-google": "^0.14.0",
    "firebase-functions-test": "^3.1.0"
  },
  "private": true
}
[debug] [2023-09-17T05:18:11.143Z] Building nodejs source
[debug] [2023-09-17T05:18:11.143Z] Failed to find version of module node: reached end of search path C:\Users\Anu\amazon-clone\functions\node_modules
[info] +  functions: Using node@18 from host. 
[debug] [2023-09-17T05:18:11.145Z] Could not find functions.yaml. Must use http discovery
[debug] [2023-09-17T05:18:11.160Z] Found firebase-functions binary at 'C:\Users\Anu\amazon-clone\functions\node_modules\.bin\firebase-functions'
[info] Serving at port 8902

[debug] [2023-09-17T05:18:12.140Z] Got response code 400; body Failed to generate manifest from function source: Error: Cannot find module 'stripe'
Require stack:
- C:\Users\Anu\amazon-clone\functions\index.js
- C:\Users\Anu\amazon-clone\functions\node_modules\firebase-functions\lib\runtime\loader.js
- C:\Users\Anu\amazon-clone\functions\node_modules\firebase-functions\lib\bin\firebase-functions.js
[info] shutdown requested via /__/quitquitquit

[error] !!  functions: Failed to load function definition from source: FirebaseError: Functions codebase could not be analyzed successfully. It may have a syntax or runtime error {"metadata":{"emulator":{"name":"functions"},"message":"Failed to load function definition from source: FirebaseError: Functions codebase could not be analyzed successfully. It may have a syntax or runtime error"}}
[debug] [2023-09-17T05:19:43.079Z] File C:\Users\Anu\amazon-clone\functions\index.js changed, reloading triggers {"metadata":{"emulator":{"name":"functions"},"message":"File C:\\Users\\Anu\\amazon-clone\\functions\\index.js changed, reloading triggers"}}
[debug] [2023-09-17T05:19:44.095Z] Validating nodejs source
[debug] [2023-09-17T05:19:47.917Z] > [functions] package.json contents: {
  "name": "functions",
  "description": "Cloud Functions for Firebase",
  "scripts": {
    "lint": "eslint .",
    "serve": "firebase emulators:start --only functions",
    "shell": "firebase functions:shell",
    "start": "npm run shell",
    "deploy": "firebase deploy --only functions",
    "logs": "firebase functions:log"
  },
  "engines": {
    "node": "18"
  },
  "main": "index.js",
  "dependencies": {
    "express": "^4.18.2",
    "firebase-admin": "^11.8.0",
    "firebase-functions": "^4.3.1"
  },
  "devDependencies": {
    "eslint": "^8.15.0",
    "eslint-config-google": "^0.14.0",
    "firebase-functions-test": "^3.1.0"
  },
  "private": true
}
[debug] [2023-09-17T05:19:47.918Z] Building nodejs source
[debug] [2023-09-17T05:19:47.918Z] Failed to find version of module node: reached end of search path C:\Users\Anu\amazon-clone\functions\node_modules
[info] +  functions: Using node@18 from host. 
[debug] [2023-09-17T05:19:47.920Z] Could not find functions.yaml. Must use http discovery
[debug] [2023-09-17T05:19:47.938Z] Found firebase-functions binary at 'C:\Users\Anu\amazon-clone\functions\node_modules\.bin\firebase-functions'
[info] Serving at port 8866

[debug] [2023-09-17T05:19:48.935Z] Got response code 400; body Failed to generate manifest from function source: Error: Cannot find module 'stripe'
Require stack:
- C:\Users\Anu\amazon-clone\functions\index.js
- C:\Users\Anu\amazon-clone\functions\node_modules\firebase-functions\lib\runtime\loader.js
- C:\Users\Anu\amazon-clone\functions\node_modules\firebase-functions\lib\bin\firebase-functions.js
[info] shutdown requested via /__/quitquitquit

[error] !!  functions: Failed to load function definition from source: FirebaseError: Functions codebase could not be analyzed successfully. It may have a syntax or runtime error {"metadata":{"emulator":{"name":"functions"},"message":"Failed to load function definition from source: FirebaseError: Functions codebase could not be analyzed successfully. It may have a syntax or runtime error"}}
[debug] [2023-09-17T05:19:51.090Z] File C:\Users\Anu\amazon-clone\functions\index.js changed, reloading triggers {"metadata":{"emulator":{"name":"functions"},"message":"File C:\\Users\\Anu\\amazon-clone\\functions\\index.js changed, reloading triggers"}}
[debug] [2023-09-17T05:19:52.104Z] Validating nodejs source
[debug] [2023-09-17T05:19:55.124Z] > [functions] package.json contents: {
  "name": "functions",
  "description": "Cloud Functions for Firebase",
  "scripts": {
    "lint": "eslint .",
    "serve": "firebase emulators:start --only functions",
    "shell": "firebase functions:shell",
    "start": "npm run shell",
    "deploy": "firebase deploy --only functions",
    "logs": "firebase functions:log"
  },
  "engines": {
    "node": "18"
  },
  "main": "index.js",
  "dependencies": {
    "express": "^4.18.2",
    "firebase-admin": "^11.8.0",
    "firebase-functions": "^4.3.1"
  },
  "devDependencies": {
    "eslint": "^8.15.0",
    "eslint-config-google": "^0.14.0",
    "firebase-functions-test": "^3.1.0"
  },
  "private": true
}
[debug] [2023-09-17T05:19:55.125Z] Building nodejs source
[debug] [2023-09-17T05:19:55.125Z] Failed to find version of module node: reached end of search path C:\Users\Anu\amazon-clone\functions\node_modules
[info] +  functions: Using node@18 from host. 
[debug] [2023-09-17T05:19:55.127Z] Could not find functions.yaml. Must use http discovery
[debug] [2023-09-17T05:19:55.145Z] Found firebase-functions binary at 'C:\Users\Anu\amazon-clone\functions\node_modules\.bin\firebase-functions'
[info] Serving at port 8851

[debug] [2023-09-17T05:19:56.394Z] Got response code 400; body Failed to generate manifest from function source: Error: Cannot find module 'stripe'
Require stack:
- C:\Users\Anu\amazon-clone\functions\index.js
- C:\Users\Anu\amazon-clone\functions\node_modules\firebase-functions\lib\runtime\loader.js
- C:\Users\Anu\amazon-clone\functions\node_modules\firebase-functions\lib\bin\firebase-functions.js
[info] shutdown requested via /__/quitquitquit

[error] !!  functions: Failed to load function definition from source: FirebaseError: Functions codebase could not be analyzed successfully. It may have a syntax or runtime error {"metadata":{"emulator":{"name":"functions"},"message":"Failed to load function definition from source: FirebaseError: Functions codebase could not be analyzed successfully. It may have a syntax or runtime error"}}
